[0.006s] Invoking command in '/home/zqj/Desktop/wz_22/chapt4_ws/build/example_action_rclcpp': CMAKE_PREFIX_PATH=/opt/ros/humble /usr/bin/cmake /home/zqj/Desktop/wz_22/chapt4_ws/src/example_action_rclcpp -DCMAKE_INSTALL_PREFIX=/home/zqj/Desktop/wz_22/chapt4_ws/install/example_action_rclcpp
[0.134s] -- The C compiler identification is GNU 11.4.0
[0.196s] -- The CXX compiler identification is GNU 11.4.0
[0.203s] -- Detecting C compiler ABI info
[0.287s] -- Detecting C compiler ABI info - done
[0.296s] -- Check for working C compiler: /usr/bin/cc - skipped
[0.297s] -- Detecting C compile features
[0.297s] -- Detecting C compile features - done
[0.301s] -- Detecting CXX compiler ABI info
[0.388s] -- Detecting CXX compiler ABI info - done
[0.393s] -- Check for working CXX compiler: /usr/bin/c++ - skipped
[0.393s] -- Detecting CXX compile features
[0.393s] -- Detecting CXX compile features - done
[0.395s] -- Found ament_cmake: 1.3.12 (/opt/ros/humble/share/ament_cmake/cmake)
[0.549s] -- Found Python3: /usr/bin/python3 (found version "3.10.12") found components: Interpreter 
[0.615s] -- Found rclcpp: 16.0.15 (/opt/ros/humble/share/rclcpp/cmake)
[0.645s] -- Found rosidl_generator_c: 3.1.7 (/opt/ros/humble/share/rosidl_generator_c/cmake)
[0.647s] -- Found rosidl_adapter: 3.1.7 (/opt/ros/humble/share/rosidl_adapter/cmake)
[0.652s] -- Found rosidl_generator_cpp: 3.1.7 (/opt/ros/humble/share/rosidl_generator_cpp/cmake)
[0.659s] -- Using all available rosidl_typesupport_c: rosidl_typesupport_fastrtps_c;rosidl_typesupport_introspection_c
[0.668s] -- Using all available rosidl_typesupport_cpp: rosidl_typesupport_fastrtps_cpp;rosidl_typesupport_introspection_cpp
[0.693s] -- Found rmw_implementation_cmake: 6.1.2 (/opt/ros/humble/share/rmw_implementation_cmake/cmake)
[0.695s] -- Found rmw_fastrtps_cpp: 6.2.9 (/opt/ros/humble/share/rmw_fastrtps_cpp/cmake)
[0.770s] -- Found OpenSSL: /usr/lib/x86_64-linux-gnu/libcrypto.so (found version "3.0.2")  
[0.794s] -- Found FastRTPS: /opt/ros/humble/include  
[0.837s] -- Using RMW implementation 'rmw_fastrtps_cpp' as default
[0.849s] -- Looking for pthread.h
[0.934s] -- Looking for pthread.h - found
[0.935s] -- Performing Test CMAKE_HAVE_LIBC_PTHREAD
[1.029s] -- Performing Test CMAKE_HAVE_LIBC_PTHREAD - Success
[1.030s] -- Found Threads: TRUE  
[1.075s] -- Configuring incomplete, errors occurred!
[1.075s] See also "/home/zqj/Desktop/wz_22/chapt4_ws/build/example_action_rclcpp/CMakeFiles/CMakeOutput.log".
[1.075s] [31mCMake Error at CMakeLists.txt:10 (find_package):
[1.075s]   By not providing "Findrobot_control_interfaces.cmake" in CMAKE_MODULE_PATH
[1.075s]   this project has asked CMake to find a package configuration file provided
[1.075s]   by "robot_control_interfaces", but CMake did not find one.
[1.075s] 
[1.075s]   Could not find a package configuration file provided by
[1.075s]   "robot_control_interfaces" with any of the following names:
[1.075s] 
[1.075s]     robot_control_interfacesConfig.cmake
[1.075s]     robot_control_interfaces-config.cmake
[1.075s] 
[1.075s]   Add the installation prefix of "robot_control_interfaces" to
[1.075s]   CMAKE_PREFIX_PATH or set "robot_control_interfaces_DIR" to a directory
[1.075s]   containing one of the above files.  If "robot_control_interfaces" provides
[1.075s]   a separate development package or SDK, be sure it has been installed.
[1.075s] 
[1.075s] [0m
[1.081s] Invoked command in '/home/zqj/Desktop/wz_22/chapt4_ws/build/example_action_rclcpp' returned '1': CMAKE_PREFIX_PATH=/opt/ros/humble /usr/bin/cmake /home/zqj/Desktop/wz_22/chapt4_ws/src/example_action_rclcpp -DCMAKE_INSTALL_PREFIX=/home/zqj/Desktop/wz_22/chapt4_ws/install/example_action_rclcpp
